<?xml version="1.0" encoding="UTF-8"?>
<testng-results ignored="0" total="2" passed="2" failed="0" skipped="0">
  <reporter-output>
  </reporter-output>
  <suite started-at="2022-10-13T11:41:18 IST" name="Default suite" finished-at="2022-10-13T11:52:40 IST" duration-ms="682370">
    <groups>
    </groups>
    <test started-at="2022-10-13T11:41:18 IST" name="Default test" finished-at="2022-10-13T11:52:40 IST" duration-ms="682370">
      <class name="air.TestE2E">
        <test-method is-config="true" signature="setUp()[pri:0, instance:air.TestE2E@3f6f6701]" started-at="2022-10-13T11:41:18 IST" name="setUp" finished-at="2022-10-13T11:41:34 IST" duration-ms="15704" status="PASS">
          <reporter-output>
          </reporter-output>
        </test-method> <!-- setUp -->
        <test-method signature="testManifest()[pri:0, instance:air.TestE2E@3f6f6701]" started-at="2022-10-13T11:41:34 IST" name="testManifest" finished-at="2022-10-13T11:47:40 IST" duration-ms="365814" status="PASS">
          <reporter-output>
          </reporter-output>
        </test-method> <!-- testManifest -->
        <test-method signature="testBayan()[pri:1, instance:air.TestE2E@3f6f6701]" started-at="2022-10-13T11:47:40 IST" name="testBayan" finished-at="2022-10-13T11:52:40 IST" duration-ms="300714" status="PASS">
          <reporter-output>
          </reporter-output>
        </test-method> <!-- testBayan -->
        <test-method is-config="true" signature="close()[pri:0, instance:air.TestE2E@3f6f6701]" started-at="2022-10-13T11:52:40 IST" name="close" finished-at="2022-10-13T11:52:40 IST" duration-ms="25" status="PASS">
          <reporter-output>
          </reporter-output>
        </test-method> <!-- close -->
      </class> <!-- air.TestE2E -->
    </test> <!-- Default test -->
  </suite> <!-- Default suite -->
</testng-results>
