<?xml version="1.0" encoding="UTF-8"?>
<testng-results ignored="0" total="7" passed="7" failed="0" skipped="0">
  <reporter-output>
  </reporter-output>
  <suite started-at="2022-06-07T12:39:57 IST" name="Default suite" finished-at="2022-06-07T12:45:36 IST" duration-ms="338517">
    <groups>
    </groups>
    <test started-at="2022-06-07T12:39:57 IST" name="Default test" finished-at="2022-06-07T12:45:36 IST" duration-ms="338517">
      <class name="test.TestCargo">
        <test-method is-config="true" signature="setUp()[pri:0, instance:test.TestCargo@54bff557]" started-at="2022-06-07T12:39:57 IST" name="setUp" finished-at="2022-06-07T12:40:05 IST" duration-ms="8040" status="PASS">
          <reporter-output>
          </reporter-output>
        </test-method> <!-- setUp -->
        <test-method signature="testCreateManifest()[pri:0, instance:test.TestCargo@54bff557]" started-at="2022-06-07T12:40:05 IST" name="testCreateManifest" finished-at="2022-06-07T12:40:46 IST" duration-ms="41092" status="PASS">
          <reporter-output>
          </reporter-output>
        </test-method> <!-- testCreateManifest -->
        <test-method signature="testCreateCargoHBL()[pri:1, instance:test.TestCargo@54bff557]" started-at="2022-06-07T12:40:46 IST" name="testCreateCargoHBL" finished-at="2022-06-07T12:42:04 IST" duration-ms="77749" status="PASS">
          <reporter-output>
          </reporter-output>
        </test-method> <!-- testCreateCargoHBL -->
        <test-method signature="testCreatePassengerHBL()[pri:2, instance:test.TestCargo@54bff557]" started-at="2022-06-07T12:42:04 IST" name="testCreatePassengerHBL" finished-at="2022-06-07T12:43:06 IST" duration-ms="62184" status="PASS">
          <reporter-output>
          </reporter-output>
        </test-method> <!-- testCreatePassengerHBL -->
        <test-method signature="testCreateBWHHBL()[pri:4, instance:test.TestCargo@54bff557]" started-at="2022-06-07T12:43:06 IST" name="testCreateBWHHBL" finished-at="2022-06-07T12:44:07 IST" duration-ms="60494" status="PASS">
          <reporter-output>
          </reporter-output>
        </test-method> <!-- testCreateBWHHBL -->
        <test-method signature="testSubmitManifest()[pri:5, instance:test.TestCargo@54bff557]" started-at="2022-06-07T12:44:07 IST" name="testSubmitManifest" finished-at="2022-06-07T12:44:25 IST" duration-ms="18309" status="PASS">
          <reporter-output>
          </reporter-output>
        </test-method> <!-- testSubmitManifest -->
        <test-method signature="testApproveManifest()[pri:6, instance:test.TestCargo@54bff557]" started-at="2022-06-07T12:44:25 IST" name="testApproveManifest" finished-at="2022-06-07T12:45:02 IST" duration-ms="36656" status="PASS">
          <reporter-output>
          </reporter-output>
        </test-method> <!-- testApproveManifest -->
        <test-method signature="testIssueDO()[pri:7, instance:test.TestCargo@54bff557]" started-at="2022-06-07T12:45:02 IST" name="testIssueDO" finished-at="2022-06-07T12:45:36 IST" duration-ms="33949" status="PASS">
          <reporter-output>
          </reporter-output>
        </test-method> <!-- testIssueDO -->
      </class> <!-- test.TestCargo -->
    </test> <!-- Default test -->
  </suite> <!-- Default suite -->
</testng-results>
